[2025-05-29T19:41:20.171Z] info: kubernetes.yaml was copied to the config folder
[2025-05-29T19:41:54.573Z] error: Host validation failed for: 10.0.0.51:3000. Hint: Set the HOMEPAGE_ALLOWED_HOSTS environment variable to allow requests from this host / port.
[2025-05-29T19:41:54.740Z] error: Host validation failed for: 10.0.0.51:3000. Hint: Set the HOMEPAGE_ALLOWED_HOSTS environment variable to allow requests from this host / port.
[2025-05-29T19:41:54.749Z] error: Host validation failed for: 10.0.0.51:3000. Hint: Set the HOMEPAGE_ALLOWED_HOSTS environment variable to allow requests from this host / port.
[2025-05-29T19:41:54.756Z] error: Host validation failed for: 10.0.0.51:3000. Hint: Set the HOMEPAGE_ALLOWED_HOSTS environment variable to allow requests from this host / port.
[2025-05-29T19:41:54.765Z] error: Host validation failed for: 10.0.0.51:3000. Hint: Set the HOMEPAGE_ALLOWED_HOSTS environment variable to allow requests from this host / port.
[2025-05-29T19:41:54.773Z] error: Host validation failed for: 10.0.0.51:3000. Hint: Set the HOMEPAGE_ALLOWED_HOSTS environment variable to allow requests from this host / port.
[2025-05-29T19:41:54.779Z] error: Host validation failed for: 10.0.0.51:3000. Hint: Set the HOMEPAGE_ALLOWED_HOSTS environment variable to allow requests from this host / port.
[2025-05-29T19:41:54.789Z] error: Host validation failed for: 10.0.0.51:3000. Hint: Set the HOMEPAGE_ALLOWED_HOSTS environment variable to allow requests from this host / port.
[2025-05-29T19:41:54.796Z] error: Host validation failed for: 10.0.0.51:3000. Hint: Set the HOMEPAGE_ALLOWED_HOSTS environment variable to allow requests from this host / port.
[2025-05-29T19:41:54.803Z] error: Host validation failed for: 10.0.0.51:3000. Hint: Set the HOMEPAGE_ALLOWED_HOSTS environment variable to allow requests from this host / port.
[2025-05-29T19:41:54.808Z] error: Host validation failed for: 10.0.0.51:3000. Hint: Set the HOMEPAGE_ALLOWED_HOSTS environment variable to allow requests from this host / port.
[2025-05-29T19:41:54.814Z] error: Host validation failed for: 10.0.0.51:3000. Hint: Set the HOMEPAGE_ALLOWED_HOSTS environment variable to allow requests from this host / port.
[2025-05-29T19:41:59.709Z] error: Host validation failed for: 10.0.0.51:3000. Hint: Set the HOMEPAGE_ALLOWED_HOSTS environment variable to allow requests from this host / port.
[2025-05-29T19:42:02.418Z] error: Host validation failed for: 10.0.0.51:3000. Hint: Set the HOMEPAGE_ALLOWED_HOSTS environment variable to allow requests from this host / port.
[2025-05-29T19:42:02.423Z] error: Host validation failed for: 10.0.0.51:3000. Hint: Set the HOMEPAGE_ALLOWED_HOSTS environment variable to allow requests from this host / port.
[2025-05-29T19:43:00.066Z] error: Host validation failed for: 10.0.0.51:3000. Hint: Set the HOMEPAGE_ALLOWED_HOSTS environment variable to allow requests from this host / port.
[2025-05-29T19:43:00.213Z] error: Host validation failed for: 10.0.0.51:3000. Hint: Set the HOMEPAGE_ALLOWED_HOSTS environment variable to allow requests from this host / port.
[2025-05-29T19:43:00.233Z] error: Host validation failed for: 10.0.0.51:3000. Hint: Set the HOMEPAGE_ALLOWED_HOSTS environment variable to allow requests from this host / port.
[2025-05-29T19:43:00.241Z] error: Host validation failed for: 10.0.0.51:3000. Hint: Set the HOMEPAGE_ALLOWED_HOSTS environment variable to allow requests from this host / port.
[2025-05-29T19:43:00.248Z] error: Host validation failed for: 10.0.0.51:3000. Hint: Set the HOMEPAGE_ALLOWED_HOSTS environment variable to allow requests from this host / port.
[2025-05-29T19:43:00.256Z] error: Host validation failed for: 10.0.0.51:3000. Hint: Set the HOMEPAGE_ALLOWED_HOSTS environment variable to allow requests from this host / port.
[2025-05-29T19:43:00.264Z] error: Host validation failed for: 10.0.0.51:3000. Hint: Set the HOMEPAGE_ALLOWED_HOSTS environment variable to allow requests from this host / port.
[2025-05-29T19:43:00.272Z] error: Host validation failed for: 10.0.0.51:3000. Hint: Set the HOMEPAGE_ALLOWED_HOSTS environment variable to allow requests from this host / port.
[2025-05-29T19:43:00.279Z] error: Host validation failed for: 10.0.0.51:3000. Hint: Set the HOMEPAGE_ALLOWED_HOSTS environment variable to allow requests from this host / port.
[2025-05-29T19:43:00.287Z] error: Host validation failed for: 10.0.0.51:3000. Hint: Set the HOMEPAGE_ALLOWED_HOSTS environment variable to allow requests from this host / port.
[2025-05-29T19:43:00.343Z] error: Host validation failed for: 10.0.0.51:3000. Hint: Set the HOMEPAGE_ALLOWED_HOSTS environment variable to allow requests from this host / port.
[2025-05-29T19:43:00.359Z] error: Host validation failed for: 10.0.0.51:3000. Hint: Set the HOMEPAGE_ALLOWED_HOSTS environment variable to allow requests from this host / port.
[2025-05-29T19:43:00.433Z] error: Host validation failed for: 10.0.0.51:3000. Hint: Set the HOMEPAGE_ALLOWED_HOSTS environment variable to allow requests from this host / port.
[2025-05-29T19:44:31.292Z] info: widgets.yaml was copied to the config folder
[2025-05-29T19:44:31.329Z] info: docker.yaml was copied to the config folder
[2025-05-29T19:44:31.330Z] info: services.yaml was copied to the config folder
[2025-05-29T19:44:31.331Z] info: bookmarks.yaml was copied to the config folder
[2025-05-29T19:44:31.362Z] info: custom.css was copied to the config folder
[2025-05-29T19:44:31.363Z] info: custom.js was copied to the config folder
[2025-06-06T08:18:05.709Z] error: <httpProxy> Error calling https://api.github.com/repos/gethomepage/homepage/releases...
[2025-06-06T08:18:05.718Z] error: <httpProxy> [
  500,
  [Error: getaddrinfo EAI_AGAIN api.github.com] {
    errno: -3001,
    code: 'EAI_AGAIN',
    syscall: 'getaddrinfo',
    hostname: 'api.github.com'
  }
]
[2025-06-06T08:56:21.747Z] error: <httpProxy> Error calling https://api.github.com/repos/gethomepage/homepage/releases...
[2025-06-06T08:56:21.748Z] error: <httpProxy> [
  500,
  [Error: getaddrinfo EAI_AGAIN api.github.com] {
    errno: -3001,
    code: 'EAI_AGAIN',
    syscall: 'getaddrinfo',
    hostname: 'api.github.com'
  }
]
[2025-06-06T09:02:05.259Z] error: <httpProxy> Error calling https://api.github.com/repos/gethomepage/homepage/releases...
[2025-06-06T09:02:05.261Z] error: <httpProxy> [
  500,
  [Error: getaddrinfo EAI_AGAIN api.github.com] {
    errno: -3001,
    code: 'EAI_AGAIN',
    syscall: 'getaddrinfo',
    hostname: 'api.github.com'
  }
]
[2025-06-06T09:38:10.582Z] error: <httpProxy> Error calling https://api.github.com/repos/gethomepage/homepage/releases...
[2025-06-06T09:38:10.583Z] error: <httpProxy> [
  500,
  [Error: getaddrinfo EAI_AGAIN api.github.com] {
    errno: -3001,
    code: 'EAI_AGAIN',
    syscall: 'getaddrinfo',
    hostname: 'api.github.com'
  }
]
[2025-07-01T10:05:32.996Z] error: <httpProxy> Error calling https://api.github.com/repos/gethomepage/homepage/releases...
[2025-07-01T10:05:33.004Z] error: <httpProxy> [
  500,
  [Error: getaddrinfo EAI_AGAIN api.github.com] {
    errno: -3001,
    code: 'EAI_AGAIN',
    syscall: 'getaddrinfo',
    hostname: 'api.github.com'
  }
]
[2025-07-01T10:18:53.946Z] error: <httpProxy> Error calling https://api.github.com/repos/gethomepage/homepage/releases...
[2025-07-01T10:18:53.948Z] error: <httpProxy> [
  500,
  [Error: getaddrinfo EAI_AGAIN api.github.com] {
    errno: -3001,
    code: 'EAI_AGAIN',
    syscall: 'getaddrinfo',
    hostname: 'api.github.com'
  }
]
[2025-07-01T11:43:15.873Z] error: <httpProxy> Error calling https://api.github.com/repos/gethomepage/homepage/releases...
[2025-07-01T11:43:15.875Z] error: <httpProxy> [
  500,
  [Error: getaddrinfo EAI_AGAIN api.github.com] {
    errno: -3001,
    code: 'EAI_AGAIN',
    syscall: 'getaddrinfo',
    hostname: 'api.github.com'
  }
]
[2025-07-01T11:49:21.205Z] error: <httpProxy> Error calling https://api.github.com/repos/gethomepage/homepage/releases...
[2025-07-01T11:49:21.206Z] error: <httpProxy> [
  500,
  [Error: getaddrinfo EAI_AGAIN api.github.com] {
    errno: -3001,
    code: 'EAI_AGAIN',
    syscall: 'getaddrinfo',
    hostname: 'api.github.com'
  }
]
[2025-07-01T14:43:07.416Z] error: <httpProxy> Error calling https://api.github.com/repos/gethomepage/homepage/releases...
[2025-07-01T14:43:07.420Z] error: <httpProxy> [
  500,
  [Error: getaddrinfo EAI_AGAIN api.github.com] {
    errno: -3001,
    code: 'EAI_AGAIN',
    syscall: 'getaddrinfo',
    hostname: 'api.github.com'
  }
]
[2025-07-01T14:54:03.086Z] error: <httpProxy> Error calling https://api.github.com/repos/gethomepage/homepage/releases...
[2025-07-01T14:54:03.087Z] error: <httpProxy> [
  500,
  [Error: getaddrinfo EAI_AGAIN api.github.com] {
    errno: -3001,
    code: 'EAI_AGAIN',
    syscall: 'getaddrinfo',
    hostname: 'api.github.com'
  }
]
[2025-07-01T15:07:29.455Z] error: <httpProxy> Error calling https://api.github.com/repos/gethomepage/homepage/releases...
[2025-07-01T15:07:29.457Z] error: <httpProxy> [
  500,
  [Error: getaddrinfo EAI_AGAIN api.github.com] {
    errno: -3001,
    code: 'EAI_AGAIN',
    syscall: 'getaddrinfo',
    hostname: 'api.github.com'
  }
]
[2025-07-01T16:02:54.377Z] error: <httpProxy> Error calling https://api.github.com/repos/gethomepage/homepage/releases...
[2025-07-01T16:02:54.378Z] error: <httpProxy> [
  500,
  [Error: getaddrinfo EAI_AGAIN api.github.com] {
    errno: -3001,
    code: 'EAI_AGAIN',
    syscall: 'getaddrinfo',
    hostname: 'api.github.com'
  }
]
[2025-07-01T16:11:04.172Z] error: <httpProxy> Error calling https://api.github.com/repos/gethomepage/homepage/releases...
[2025-07-01T16:11:04.174Z] error: <httpProxy> [
  500,
  [Error: getaddrinfo EAI_AGAIN api.github.com] {
    errno: -3001,
    code: 'EAI_AGAIN',
    syscall: 'getaddrinfo',
    hostname: 'api.github.com'
  }
]
[2025-07-01T16:22:01.210Z] error: <httpProxy> Error calling https://api.github.com/repos/gethomepage/homepage/releases...
[2025-07-01T16:22:01.216Z] error: <httpProxy> [
  500,
  [Error: getaddrinfo EAI_AGAIN api.github.com] {
    errno: -3001,
    code: 'EAI_AGAIN',
    syscall: 'getaddrinfo',
    hostname: 'api.github.com'
  }
]
[2025-07-01T16:29:36.000Z] error: <httpProxy> Error calling https://api.github.com/repos/gethomepage/homepage/releases...
[2025-07-01T16:29:36.009Z] error: <httpProxy> [
  500,
  [Error: getaddrinfo EAI_AGAIN api.github.com] {
    errno: -3001,
    code: 'EAI_AGAIN',
    syscall: 'getaddrinfo',
    hostname: 'api.github.com'
  }
]
[2025-07-01T18:26:13.296Z] error: <httpProxy> Error calling https://api.github.com/repos/gethomepage/homepage/releases...
[2025-07-01T18:26:13.297Z] error: <httpProxy> [
  500,
  [Error: getaddrinfo EAI_AGAIN api.github.com] {
    errno: -3001,
    code: 'EAI_AGAIN',
    syscall: 'getaddrinfo',
    hostname: 'api.github.com'
  }
]
[2025-07-01T20:19:34.375Z] error: <httpProxy> Error calling https://api.github.com/repos/gethomepage/homepage/releases...
[2025-07-01T20:19:34.383Z] error: <httpProxy> [
  500,
  [Error: getaddrinfo EAI_AGAIN api.github.com] {
    errno: -3001,
    code: 'EAI_AGAIN',
    syscall: 'getaddrinfo',
    hostname: 'api.github.com'
  }
]
[2025-07-01T21:03:26.082Z] error: <httpProxy> Error calling https://api.github.com/repos/gethomepage/homepage/releases...
[2025-07-01T21:03:26.084Z] error: <httpProxy> [
  500,
  [Error: getaddrinfo EAI_AGAIN api.github.com] {
    errno: -3001,
    code: 'EAI_AGAIN',
    syscall: 'getaddrinfo',
    hostname: 'api.github.com'
  }
]
[2025-07-01T21:09:34.540Z] error: <httpProxy> Error calling https://api.github.com/repos/gethomepage/homepage/releases...
[2025-07-01T21:09:34.541Z] error: <httpProxy> [
  500,
  [Error: getaddrinfo EAI_AGAIN api.github.com] {
    errno: -3001,
    code: 'EAI_AGAIN',
    syscall: 'getaddrinfo',
    hostname: 'api.github.com'
  }
]
[2025-07-02T07:55:34.736Z] error: <httpProxy> Error calling https://api.github.com/repos/gethomepage/homepage/releases...
[2025-07-02T07:55:34.740Z] error: <httpProxy> [
  500,
  [Error: getaddrinfo EAI_AGAIN api.github.com] {
    errno: -3001,
    code: 'EAI_AGAIN',
    syscall: 'getaddrinfo',
    hostname: 'api.github.com'
  }
]
[2025-07-02T08:02:38.951Z] error: <httpProxy> Error calling https://api.github.com/repos/gethomepage/homepage/releases...
[2025-07-02T08:02:38.952Z] error: <httpProxy> [
  500,
  [Error: getaddrinfo EAI_AGAIN api.github.com] {
    errno: -3001,
    code: 'EAI_AGAIN',
    syscall: 'getaddrinfo',
    hostname: 'api.github.com'
  }
]
[2025-07-02T08:10:10.152Z] error: <httpProxy> Error calling https://api.github.com/repos/gethomepage/homepage/releases...
[2025-07-02T08:10:10.154Z] error: <httpProxy> [
  500,
  [Error: getaddrinfo EAI_AGAIN api.github.com] {
    errno: -3001,
    code: 'EAI_AGAIN',
    syscall: 'getaddrinfo',
    hostname: 'api.github.com'
  }
]
[2025-07-02T08:29:54.373Z] error: <httpProxy> Error calling https://api.github.com/repos/gethomepage/homepage/releases...
[2025-07-02T08:29:54.375Z] error: <httpProxy> [
  500,
  [Error: getaddrinfo EAI_AGAIN api.github.com] {
    errno: -3001,
    code: 'EAI_AGAIN',
    syscall: 'getaddrinfo',
    hostname: 'api.github.com'
  }
]
[2025-07-02T08:41:55.414Z] error: <httpProxy> Error calling https://api.github.com/repos/gethomepage/homepage/releases...
[2025-07-02T08:41:55.416Z] error: <httpProxy> [
  500,
  [Error: getaddrinfo EAI_AGAIN api.github.com] {
    errno: -3001,
    code: 'EAI_AGAIN',
    syscall: 'getaddrinfo',
    hostname: 'api.github.com'
  }
]
[2025-07-02T18:53:40.764Z] error: <httpProxy> Error calling https://api.github.com/repos/gethomepage/homepage/releases...
[2025-07-02T18:53:40.766Z] error: <httpProxy> [
  500,
  [Error: getaddrinfo EAI_AGAIN api.github.com] {
    errno: -3001,
    code: 'EAI_AGAIN',
    syscall: 'getaddrinfo',
    hostname: 'api.github.com'
  }
]
[2025-07-02T19:31:05.626Z] error: <httpProxy> Error calling https://api.github.com/repos/gethomepage/homepage/releases...
[2025-07-02T19:31:05.627Z] error: <httpProxy> [
  500,
  [Error: getaddrinfo EAI_AGAIN api.github.com] {
    errno: -3001,
    code: 'EAI_AGAIN',
    syscall: 'getaddrinfo',
    hostname: 'api.github.com'
  }
]
[2025-07-16T11:57:34.168Z] info: proxmox.yaml was copied to the config folder
[2026-03-19T08:54:11.403Z] error: <httpProxy> Error calling https://api.github.com/repos/gethomepage/homepage/releases...
[2026-03-19T08:54:11.414Z] error: <httpProxy> [
  500,
  Error: connect ENETUNREACH 140.82.121.5:443
      at <unknown> (Error: connect ENETUNREACH 140.82.121.5:443) {
    errno: -101,
    code: 'ENETUNREACH',
    syscall: 'connect',
    address: '140.82.121.5',
    port: 443
  }
]
[2026-03-19T09:33:44.626Z] error: <httpProxy> Error calling https://api.github.com/repos/gethomepage/homepage/releases...
[2026-03-19T09:33:44.628Z] error: <httpProxy> [
  500,
  Error: connect ETIMEDOUT 140.82.121.5:443
      at <unknown> (Error: connect ETIMEDOUT 140.82.121.5:443) {
    errno: -110,
    code: 'ETIMEDOUT',
    syscall: 'connect',
    address: '140.82.121.5',
    port: 443
  }
]
[2026-03-19T11:44:38.593Z] error: <httpProxy> Error calling https://api.github.com/repos/gethomepage/homepage/releases...
[2026-03-19T11:44:38.594Z] error: <httpProxy> [
  500,
  [Error: getaddrinfo EAI_AGAIN api.github.com] {
    errno: -3001,
    code: 'EAI_AGAIN',
    syscall: 'getaddrinfo',
    hostname: 'api.github.com'
  }
]
